<?xml version="1.0" encoding="utf-8"?><testsuites name="pytest tests"><testsuite name="pytest" errors="0" failures="0" skipped="0" tests="7" time="1.926" timestamp="2026-07-30T16:59:25.977429+00:00" hostname="agent-env-eecee17d-4674-4127-a675-7c93071e762e"><testcase classname="tests.backend_test.TestContact" name="test_contact_submit_and_persist" time="0.479" /><testcase classname="tests.backend_test.TestChatAndQuota" name="test_chat_admin_basic" time="0.608" /><testcase classname="tests.backend_test.TestChatAndQuota" name="test_chat_quota_429" time="0.557" /><testcase classname="tests.backend_test.TestContact" name="test_contact_admin_list" time="0.596" /><testcase classname="tests.backend_test.TestWaitlist" name="test_waitlist_upsert" time="0.279" /><testcase classname="tests.backend_test.TestChatAndQuota" name="test_monthly_reset" time="0.110" /><testcase classname="tests.backend_test.TestWaitlist" name="test_waitlist_admin_list" time="0.145" /></testsuite></testsuites>