<?xml version="1.0" encoding="utf-8"?><testsuites name="pytest tests"><testsuite name="pytest" errors="0" failures="0" skipped="0" tests="7" time="16.069" timestamp="2026-07-30T16:38:59.562643+00:00" hostname="agent-env-eecee17d-4674-4127-a675-7c93071e762e"><testcase classname="tests.backend_test.TestContact" name="test_contact_submit_and_persist" time="0.539" /><testcase classname="tests.backend_test.TestChatAndQuota" name="test_chat_admin_basic" time="8.663" /><testcase classname="tests.backend_test.TestContact" name="test_contact_admin_list" time="4.340" /><testcase classname="tests.backend_test.TestWaitlist" name="test_waitlist_upsert" time="0.359" /><testcase classname="tests.backend_test.TestWaitlist" name="test_waitlist_admin_list" time="0.115" /><testcase classname="tests.backend_test.TestChatAndQuota" name="test_chat_quota_429" time="0.584" /><testcase classname="tests.backend_test.TestChatAndQuota" name="test_monthly_reset" time="6.249" /></testsuite></testsuites>